Using pre-set license
Built from '2022.3/staging' branch; Version is '2022.3.28f1 (6bae5ce6b222) revision 7056988'; Using compiler version '192829333'; Build Type 'Release'
OS: 'Windows 11  (10.0.22631) 64bit Core' Language: 'ko' Physical Memory: 32509 MB
BatchMode: 1, IsHumanControllingUs: 0, StartBugReporterOnCrash: 0, Is64bit: 1, IsPro: 1

COMMAND LINE ARGUMENTS:
C:\Program Files\Unity\Hub\Editor\2022.3.28f1\Editor\Unity.exe
-adb2
-batchMode
-noUpm
-name
AssetImportWorker11
-projectPath
C:/Users/Juhwan_Bae/Desktop/UNITY_Practice/aaa
-logFile
Logs/AssetImportWorker11.log
-srvPort
53887
Successfully changed project path to: C:/Users/Juhwan_Bae/Desktop/UNITY_Practice/aaa
C:/Users/Juhwan_Bae/Desktop/UNITY_Practice/aaa
[UnityMemory] Configuration Parameters - Can be set up in boot.config
    "memorysetup-bucket-allocator-granularity=16"
    "memorysetup-bucket-allocator-bucket-count=8"
    "memorysetup-bucket-allocator-block-size=33554432"
    "memorysetup-bucket-allocator-block-count=8"
    "memorysetup-main-allocator-block-size=16777216"
    "memorysetup-thread-allocator-block-size=16777216"
    "memorysetup-gfx-main-allocator-block-size=16777216"
    "memorysetup-gfx-thread-allocator-block-size=16777216"
    "memorysetup-cache-allocator-block-size=4194304"
    "memorysetup-typetree-allocator-block-size=2097152"
    "memorysetup-profiler-bucket-allocator-granularity=16"
    "memorysetup-profiler-bucket-allocator-bucket-count=8"
    "memorysetup-profiler-bucket-allocator-block-size=33554432"
    "memorysetup-profiler-bucket-allocator-block-count=8"
    "memorysetup-profiler-allocator-block-size=16777216"
    "memorysetup-profiler-editor-allocator-block-size=1048576"
    "memorysetup-temp-allocator-size-main=16777216"
    "memorysetup-job-temp-allocator-block-size=2097152"
    "memorysetup-job-temp-allocator-block-size-background=1048576"
    "memorysetup-job-temp-allocator-reduction-small-platforms=262144"
    "memorysetup-allocator-temp-initial-block-size-main=262144"
    "memorysetup-allocator-temp-initial-block-size-worker=262144"
    "memorysetup-temp-allocator-size-background-worker=32768"
    "memorysetup-temp-allocator-size-job-worker=262144"
    "memorysetup-temp-allocator-size-preload-manager=33554432"
    "memorysetup-temp-allocator-size-nav-mesh-worker=65536"
    "memorysetup-temp-allocator-size-audio-worker=65536"
    "memorysetup-temp-allocator-size-cloud-worker=32768"
    "memorysetup-temp-allocator-size-gi-baking-worker=262144"
    "memorysetup-temp-allocator-size-gfx=262144"
Player connection [23728] Host "[IP] 192.168.50.148 [Port] 0 [Flags] 2 [Guid] 1594701518 [EditorId] 1594701518 [Version] 1048832 [Id] WindowsEditor(7,DESKTOP-4E2ISVD) [Debug] 1 [PackageName] WindowsEditor [ProjectName] Editor" joined multi-casting on [225.0.0.222:54997]...

Player connection [23728] Host "[IP] 192.168.50.148 [Port] 0 [Flags] 2 [Guid] 1594701518 [EditorId] 1594701518 [Version] 1048832 [Id] WindowsEditor(7,DESKTOP-4E2ISVD) [Debug] 1 [PackageName] WindowsEditor [ProjectName] Editor" joined alternative multi-casting on [225.0.0.222:34997]...

[Physics::Module] Initialized MultithreadedJobDispatcher with 19 workers.
Refreshing native plugins compatible for Editor in 14.91 ms, found 3 plugins.
Preloading 0 native plugins for Editor in 0.00 ms.
Initialize engine version: 2022.3.28f1 (6bae5ce6b222)
[Subsystems] Discovering subsystems at path C:/Program Files/Unity/Hub/Editor/2022.3.28f1/Editor/Data/Resources/UnitySubsystems
[Subsystems] Discovering subsystems at path C:/Users/Juhwan_Bae/Desktop/UNITY_Practice/aaa/Assets
GfxDevice: creating device client; threaded=0; jobified=0
Direct3D:
    Version:  Direct3D 11.0 [level 11.1]
    Renderer: NVIDIA GeForce RTX 3070 (ID=0x2488)
    Vendor:   NVIDIA
    VRAM:     8032 MB
    Driver:   31.0.15.3667
Initialize mono
Mono path[0] = 'C:/Program Files/Unity/Hub/Editor/2022.3.28f1/Editor/Data/Managed'
Mono path[1] = 'C:/Program Files/Unity/Hub/Editor/2022.3.28f1/Editor/Data/MonoBleedingEdge/lib/mono/unityjit-win32'
Mono config path = 'C:/Program Files/Unity/Hub/Editor/2022.3.28f1/Editor/Data/MonoBleedingEdge/etc'
Using monoOptions --debugger-agent=transport=dt_socket,embedding=1,server=y,suspend=n,address=127.0.0.1:56724
Begin MonoManager ReloadAssembly
Registering precompiled unity dll's ...
Register platform support module: C:/Program Files/Unity/Hub/Editor/2022.3.28f1/Editor/Data/PlaybackEngines/AndroidPlayer/UnityEditor.Android.Extensions.dll
Register platform support module: C:/Program Files/Unity/Hub/Editor/2022.3.28f1/Editor/Data/PlaybackEngines/WindowsStandaloneSupport/UnityEditor.WindowsStandalone.Extensions.dll
Register platform support module: C:/Program Files/Unity/Hub/Editor/2022.3.28f1/Editor/Data/PlaybackEngines/MetroSupport/UnityEditor.UWP.Extensions.dll
Registered in 0.033765 seconds.
- Loaded All Assemblies, in  0.402 seconds
Native extension for UWP target not found
Native extension for WindowsStandalone target not found
Native extension for Android target not found
Android Extension - Scanning For ADB Devices 288 ms
Mono: successfully reloaded assembly
- Finished resetting the current domain, in  0.533 seconds
Domain Reload Profiling: 928ms
	BeginReloadAssembly (143ms)
		ExecutionOrderSort (0ms)
		DisableScriptedObjects (0ms)
		BackupInstance (0ms)
		ReleaseScriptingObjects (0ms)
		CreateAndSetChildDomain (0ms)
	RebuildCommonClasses (28ms)
	RebuildNativeTypeToScriptingClass (7ms)
	initialDomainReloadingComplete (92ms)
	LoadAllAssembliesAndSetupDomain (123ms)
		LoadAssemblies (138ms)
		RebuildTransferFunctionScriptingTraits (0ms)
		AnalyzeDomain (119ms)
			TypeCache.Refresh (118ms)
				TypeCache.ScanAssembly (106ms)
			ScanForSourceGeneratedMonoScriptInfo (0ms)
			ResolveRequiredComponents (0ms)
	FinalizeReload (534ms)
		ReleaseScriptCaches (0ms)
		RebuildScriptCaches (0ms)
		SetupLoadedEditorAssemblies (493ms)
			LogAssemblyErrors (0ms)
			InitializePlatformSupportModulesInManaged (381ms)
			SetLoadedEditorAssemblies (3ms)
			RefreshPlugins (0ms)
			BeforeProcessingInitializeOnLoad (1ms)
			ProcessInitializeOnLoadAttributes (74ms)
			ProcessInitializeOnLoadMethodAttributes (34ms)
			AfterProcessingInitializeOnLoad (0ms)
			EditorAssembliesLoaded (0ms)
		ExecutionOrderSort2 (0ms)
		AwakeInstancesAfterBackupRestoration (0ms)
========================================================================
Worker process is ready to serve import requests
Begin MonoManager ReloadAssembly
- Loaded All Assemblies, in  0.782 seconds
Refreshing native plugins compatible for Editor in 7.28 ms, found 3 plugins.
Native extension for UWP target not found
Native extension for WindowsStandalone target not found
Native extension for Android target not found
Package Manager log level set to [2]
[Package Manager] Server::EnsureServerProcessIsRunning -- launch failed, reason: Unity was launched with the -noUpm command-line argument
[Package Manager] UpmClient::Send -- Unable to send message (not connected to UPM process).
[Package Manager] Cannot connect to Unity Package Manager local server
Mono: successfully reloaded assembly
- Finished resetting the current domain, in  0.442 seconds
Domain Reload Profiling: 1214ms
	BeginReloadAssembly (165ms)
		ExecutionOrderSort (0ms)
		DisableScriptedObjects (4ms)
		BackupInstance (0ms)
		ReleaseScriptingObjects (0ms)
		CreateAndSetChildDomain (16ms)
	RebuildCommonClasses (27ms)
	RebuildNativeTypeToScriptingClass (7ms)
	initialDomainReloadingComplete (49ms)
	LoadAllAssembliesAndSetupDomain (523ms)
		LoadAssemblies (455ms)
		RebuildTransferFunctionScriptingTraits (0ms)
		AnalyzeDomain (186ms)
			TypeCache.Refresh (163ms)
				TypeCache.ScanAssembly (144ms)
			ScanForSourceGeneratedMonoScriptInfo (15ms)
			ResolveRequiredComponents (7ms)
	FinalizeReload (443ms)
		ReleaseScriptCaches (0ms)
		RebuildScriptCaches (0ms)
		SetupLoadedEditorAssemblies (339ms)
			LogAssemblyErrors (0ms)
			InitializePlatformSupportModulesInManaged (31ms)
			SetLoadedEditorAssemblies (3ms)
			RefreshPlugins (0ms)
			BeforeProcessingInitializeOnLoad (66ms)
			ProcessInitializeOnLoadAttributes (206ms)
			ProcessInitializeOnLoadMethodAttributes (14ms)
			AfterProcessingInitializeOnLoad (19ms)
			EditorAssembliesLoaded (0ms)
		ExecutionOrderSort2 (0ms)
		AwakeInstancesAfterBackupRestoration (7ms)
Launched and connected shader compiler UnityShaderCompiler.exe after 0.06 seconds
Refreshing native plugins compatible for Editor in 8.08 ms, found 3 plugins.
Preloading 0 native plugins for Editor in 0.00 ms.
Unloading 3095 Unused Serialized files (Serialized files now loaded: 0)
Unloading 33 unused Assets / (57.6 KB). Loaded Objects now: 3558.
Memory consumption went from 127.1 MB to 127.0 MB.
Total: 2.471500 ms (FindLiveObjects: 0.159900 ms CreateObjectMapping: 0.071400 ms MarkObjects: 2.153800 ms  DeleteObjects: 0.085800 ms)

AssetImportParameters requested are different than current active one (requested -> active):
  custom:container-demuxer-ogg: 62fdf1f143b41e24485cea50d1cbac27 -> 
  custom:video-decoder-ogg-theora: a1e56fd34408186e4bbccfd4996cb3dc -> 
  custom:framework-win-MediaFoundation: 216162199b28c13a410421893ffa2e32 -> 
  custom:CustomObjectIndexerAttribute: 9a22284fe3817be447336de3de66b15e -> 
  custom:container-demuxer-webm: 4f35f7cbe854078d1ac9338744f61a02 -> 
  custom:container-muxer-webm: aa71ff27fc2769a1b78a27578f13a17b -> 
  custom:video-decoder-webm-vp8: 9c59270c3fd7afecdb556c50c9e8de78 -> 
  custom:SearchIndexIgnoredProperties: e643bd26f0fe6173181afceb89e7c659 -> 
  custom:AudioImporter_EditorPlatform: d09bf68614088b80899f8185d706f6e7 -> 
  custom:video-encoder-webm-vp8: eb34c28f22e8b96e1ab97ce403110664 -> 
  custom:audio-decoder-ogg-vorbis: bf7c407c2cedff20999df2af8eb42d56 -> 
  custom:audio-encoder-webm-vorbis: bf7c407c2cedff20999df2af8eb42d56 -> 
========================================================================
Received Prepare
Begin MonoManager ReloadAssembly
- Loaded All Assemblies, in  0.760 seconds
Refreshing native plugins compatible for Editor in 12.56 ms, found 3 plugins.
Native extension for UWP target not found
Native extension for WindowsStandalone target not found
Native extension for Android target not found
[Package Manager] Server::EnsureServerProcessIsRunning -- launch failed, reason: Unity was launched with the -noUpm command-line argument
[Package Manager] UpmClient::Send -- Unable to send message (not connected to UPM process).
[Package Manager] Cannot connect to Unity Package Manager local server
Mono: successfully reloaded assembly
- Finished resetting the current domain, in  1.361 seconds
Domain Reload Profiling: 2102ms
	BeginReloadAssembly (263ms)
		ExecutionOrderSort (0ms)
		DisableScriptedObjects (4ms)
		BackupInstance (0ms)
		ReleaseScriptingObjects (0ms)
		CreateAndSetChildDomain (23ms)
	RebuildCommonClasses (27ms)
	RebuildNativeTypeToScriptingClass (7ms)
	initialDomainReloadingComplete (53ms)
	LoadAllAssembliesAndSetupDomain (391ms)
		LoadAssemblies (579ms)
		RebuildTransferFunctionScriptingTraits (0ms)
		AnalyzeDomain (10ms)
			TypeCache.Refresh (5ms)
				TypeCache.ScanAssembly (0ms)
			ScanForSourceGeneratedMonoScriptInfo (0ms)
			ResolveRequiredComponents (4ms)
	FinalizeReload (1361ms)
		ReleaseScriptCaches (0ms)
		RebuildScriptCaches (0ms)
		SetupLoadedEditorAssemblies (362ms)
			LogAssemblyErrors (0ms)
			InitializePlatformSupportModulesInManaged (45ms)
			SetLoadedEditorAssemblies (3ms)
			RefreshPlugins (0ms)
			BeforeProcessingInitializeOnLoad (77ms)
			ProcessInitializeOnLoadAttributes (200ms)
			ProcessInitializeOnLoadMethodAttributes (16ms)
			AfterProcessingInitializeOnLoad (21ms)
			EditorAssembliesLoaded (0ms)
		ExecutionOrderSort2 (0ms)
		AwakeInstancesAfterBackupRestoration (8ms)
Refreshing native plugins compatible for Editor in 9.45 ms, found 3 plugins.
Preloading 0 native plugins for Editor in 0.00 ms.
Unloading 3087 Unused Serialized files (Serialized files now loaded: 0)
Unloading 24 unused Assets / (31.6 KB). Loaded Objects now: 3561.
Memory consumption went from 125.4 MB to 125.3 MB.
Total: 2.266300 ms (FindLiveObjects: 0.191800 ms CreateObjectMapping: 0.071800 ms MarkObjects: 1.962700 ms  DeleteObjects: 0.038800 ms)

Prepare: number of updated asset objects reloaded= 0
AssetImportParameters requested are different than current active one (requested -> active):
  custom:container-demuxer-ogg: 62fdf1f143b41e24485cea50d1cbac27 -> 
  custom:video-decoder-ogg-theora: a1e56fd34408186e4bbccfd4996cb3dc -> 
  custom:framework-win-MediaFoundation: 216162199b28c13a410421893ffa2e32 -> 
  custom:CustomObjectIndexerAttribute: 9a22284fe3817be447336de3de66b15e -> 
  custom:container-demuxer-webm: 4f35f7cbe854078d1ac9338744f61a02 -> 
  custom:container-muxer-webm: aa71ff27fc2769a1b78a27578f13a17b -> 
  custom:video-decoder-webm-vp8: 9c59270c3fd7afecdb556c50c9e8de78 -> 
  custom:SearchIndexIgnoredProperties: e643bd26f0fe6173181afceb89e7c659 -> 
  custom:AudioImporter_EditorPlatform: d09bf68614088b80899f8185d706f6e7 -> 
  custom:video-encoder-webm-vp8: eb34c28f22e8b96e1ab97ce403110664 -> 
  custom:audio-decoder-ogg-vorbis: bf7c407c2cedff20999df2af8eb42d56 -> 
  custom:audio-encoder-webm-vorbis: bf7c407c2cedff20999df2af8eb42d56 -> 
========================================================================
Received Import Request.
  Time since last request: 694659.805626 seconds.
  path: Assets/Animations/JUMP/Materials
  artifactKey: Guid(32bd0cc8446438946806f2195559899f) Importer(815301076,1909f56bfc062723c751e8b465ee728b)
Start importing Assets/Animations/JUMP/Materials using Guid(32bd0cc8446438946806f2195559899f) Importer(815301076,1909f56bfc062723c751e8b465ee728b)  -> (artifact id: '63b0f62b94151971e5639a0ac0a2f3e3') in 0.002487 seconds
Number of updated asset objects reloaded before import = 0
Number of asset objects unloaded after import = 0
========================================================================
Received Import Request.
  Time since last request: 0.074135 seconds.
  path: Assets/Animations/JUMP/Materials/타임라인 1_0000.mat
  artifactKey: Guid(0ea6e62cc24f9be458db4f9b7fdee86b) Importer(815301076,1909f56bfc062723c751e8b465ee728b)
Start importing Assets/Animations/JUMP/Materials/타임라인 1_0000.mat using Guid(0ea6e62cc24f9be458db4f9b7fdee86b) Importer(815301076,1909f56bfc062723c751e8b465ee728b)  -> (artifact id: '4ecb22c3891a6c2ad381df4761a57de8') in 0.074890 seconds
Number of updated asset objects reloaded before import = 0
Number of asset objects unloaded after import = 2
========================================================================
Received Import Request.
  Time since last request: 0.000019 seconds.
  path: Assets/Animations/JUMP/Materials/타임라인 1_0005.mat
  artifactKey: Guid(9223a9ba6519fac48886409a64c65a6e) Importer(815301076,1909f56bfc062723c751e8b465ee728b)
Start importing Assets/Animations/JUMP/Materials/타임라인 1_0005.mat using Guid(9223a9ba6519fac48886409a64c65a6e) Importer(815301076,1909f56bfc062723c751e8b465ee728b)  -> (artifact id: 'e96266c36ac5066c88cab64fd5c1c342') in 0.009907 seconds
Number of updated asset objects reloaded before import = 0
Number of asset objects unloaded after import = 2
========================================================================
Received Import Request.
  Time since last request: 16.147506 seconds.
  path: Assets/Animations/JUMP/New Animation.anim
  artifactKey: Guid(90a13ba17b823174789fa70bcd097385) Importer(815301076,1909f56bfc062723c751e8b465ee728b)
Start importing Assets/Animations/JUMP/New Animation.anim using Guid(90a13ba17b823174789fa70bcd097385) Importer(815301076,1909f56bfc062723c751e8b465ee728b)  -> (artifact id: '45cc8567c7bee1fa82a40cc7e6cafaed') in 0.001648 seconds
Number of updated asset objects reloaded before import = 0
Number of asset objects unloaded after import = 1
========================================================================
Received Import Request.
  Time since last request: 79.269347 seconds.
  path: Assets/Animations/ATTACK/Attack Animation.anim
  artifactKey: Guid(b2bcf2456f034ae458acfa4cf25441a0) Importer(815301076,1909f56bfc062723c751e8b465ee728b)
Start importing Assets/Animations/ATTACK/Attack Animation.anim using Guid(b2bcf2456f034ae458acfa4cf25441a0) Importer(815301076,1909f56bfc062723c751e8b465ee728b)  -> (artifact id: '84e105736b7e2ae73c93e4382ebce812') in 0.001179 seconds
Number of updated asset objects reloaded before import = 0
Number of asset objects unloaded after import = 1
========================================================================
Received Import Request.
  Time since last request: 29.373362 seconds.
  path: Assets/Animations/JUMP/New Animator Controller.controller
  artifactKey: Guid(2eb4fd2bbbba3a14b945e81addd5f3b8) Importer(815301076,1909f56bfc062723c751e8b465ee728b)
Start importing Assets/Animations/JUMP/New Animator Controller.controller using Guid(2eb4fd2bbbba3a14b945e81addd5f3b8) Importer(815301076,1909f56bfc062723c751e8b465ee728b)  -> (artifact id: 'f0a3d10b82f425a4fe313c8450f594c5') in 0.001782 seconds
Number of updated asset objects reloaded before import = 0
Number of asset objects unloaded after import = 1
========================================================================
Received Import Request.
  Time since last request: 151.859694 seconds.
  path: Assets/Animations/JUMP/타임라인 1_0001.png
  artifactKey: Guid(fc48d73b351bd3c45aa04519baec3631) Importer(815301076,1909f56bfc062723c751e8b465ee728b)
Start importing Assets/Animations/JUMP/타임라인 1_0001.png using Guid(fc48d73b351bd3c45aa04519baec3631) Importer(815301076,1909f56bfc062723c751e8b465ee728b)  -> (artifact id: '4dbf7cf40084a640d1b64cb6fd5d4b7e') in 0.044698 seconds
Number of updated asset objects reloaded before import = 0
Number of asset objects unloaded after import = 3
========================================================================
Received Import Request.
  Time since last request: 0.006869 seconds.
  path: Assets/Animations/JUMP/타임라인 1_0002.png
  artifactKey: Guid(1645f450b28c6564a98492c2e180e92f) Importer(815301076,1909f56bfc062723c751e8b465ee728b)
Start importing Assets/Animations/JUMP/타임라인 1_0002.png using Guid(1645f450b28c6564a98492c2e180e92f) Importer(815301076,1909f56bfc062723c751e8b465ee728b)  -> (artifact id: 'c94948d253f0f3fe6d83ada12456c859') in 0.009077 seconds
Number of updated asset objects reloaded before import = 0
Number of asset objects unloaded after import = 3
========================================================================
Received Import Request.
  Time since last request: 0.000598 seconds.
  path: Assets/Animations/JUMP/타임라인 1_0004.png
  artifactKey: Guid(8f2200176bf50434eb9a306984b76e9b) Importer(815301076,1909f56bfc062723c751e8b465ee728b)
Start importing Assets/Animations/JUMP/타임라인 1_0004.png using Guid(8f2200176bf50434eb9a306984b76e9b) Importer(815301076,1909f56bfc062723c751e8b465ee728b)  -> (artifact id: '19b41f24065d42f8e47d39e6f3d67809') in 0.007834 seconds
Number of updated asset objects reloaded before import = 0
Number of asset objects unloaded after import = 3
========================================================================
Received Import Request.
  Time since last request: 0.000014 seconds.
  path: Assets/Animations/JUMP/타임라인 1_0003.png
  artifactKey: Guid(ec2ce5924664daa4b88f2eed853ca8ab) Importer(815301076,1909f56bfc062723c751e8b465ee728b)
Start importing Assets/Animations/JUMP/타임라인 1_0003.png using Guid(ec2ce5924664daa4b88f2eed853ca8ab) Importer(815301076,1909f56bfc062723c751e8b465ee728b)  -> (artifact id: 'd0a08290c1b2b1111d976e36e7b7f434') in 0.006926 seconds
Number of updated asset objects reloaded before import = 0
Number of asset objects unloaded after import = 3
========================================================================
Received Import Request.
  Time since last request: 0.000014 seconds.
  path: Assets/Animations/JUMP/타임라인 1_0005.png
  artifactKey: Guid(b17c4999811f0fe4cbd5ba3aea16c36a) Importer(815301076,1909f56bfc062723c751e8b465ee728b)
Start importing Assets/Animations/JUMP/타임라인 1_0005.png using Guid(b17c4999811f0fe4cbd5ba3aea16c36a) Importer(815301076,1909f56bfc062723c751e8b465ee728b)  -> (artifact id: '0a02d42ec4aa97a621a116bfeec0288a') in 0.007034 seconds
Number of updated asset objects reloaded before import = 0
Number of asset objects unloaded after import = 3
========================================================================
Received Import Request.
  Time since last request: 0.000051 seconds.
  path: Assets/Animations/JUMP/타임라인 1_0008.png
  artifactKey: Guid(72f22bf9e600ad447bf0ccd01b0fb9ed) Importer(815301076,1909f56bfc062723c751e8b465ee728b)
Start importing Assets/Animations/JUMP/타임라인 1_0008.png using Guid(72f22bf9e600ad447bf0ccd01b0fb9ed) Importer(815301076,1909f56bfc062723c751e8b465ee728b)  -> (artifact id: '17647e1faaa5a4f3e4bbc42e5fa0bb27') in 0.007073 seconds
Number of updated asset objects reloaded before import = 0
Number of asset objects unloaded after import = 3
========================================================================
Received Import Request.
  Time since last request: 0.000072 seconds.
  path: Assets/Animations/JUMP/타임라인 1_0006.png
  artifactKey: Guid(267b17abecb6dff44b563ad1c2866e75) Importer(815301076,1909f56bfc062723c751e8b465ee728b)
Start importing Assets/Animations/JUMP/타임라인 1_0006.png using Guid(267b17abecb6dff44b563ad1c2866e75) Importer(815301076,1909f56bfc062723c751e8b465ee728b)  -> (artifact id: '46123b9435f7f6801b95daa475567859') in 0.007352 seconds
Number of updated asset objects reloaded before import = 0
Number of asset objects unloaded after import = 3
========================================================================
Received Import Request.
  Time since last request: 0.000067 seconds.
  path: Assets/Animations/JUMP/타임라인 1_0009.png
  artifactKey: Guid(0c7447883bd6e304e9b1177471f3aaf0) Importer(815301076,1909f56bfc062723c751e8b465ee728b)
Start importing Assets/Animations/JUMP/타임라인 1_0009.png using Guid(0c7447883bd6e304e9b1177471f3aaf0) Importer(815301076,1909f56bfc062723c751e8b465ee728b)  -> (artifact id: 'd4ab6a74d72772e2a2ffe6c58de7740f') in 0.008312 seconds
Number of updated asset objects reloaded before import = 0
Number of asset objects unloaded after import = 3
========================================================================
Received Import Request.
  Time since last request: 0.000050 seconds.
  path: Assets/Animations/JUMP/타임라인 1_0007.png
  artifactKey: Guid(91619063b29bc904fa2796a73b3ba47b) Importer(815301076,1909f56bfc062723c751e8b465ee728b)
Start importing Assets/Animations/JUMP/타임라인 1_0007.png using Guid(91619063b29bc904fa2796a73b3ba47b) Importer(815301076,1909f56bfc062723c751e8b465ee728b)  -> (artifact id: 'a4ca6ba9445e5d280521d450b2ecd610') in 0.008458 seconds
Number of updated asset objects reloaded before import = 0
Number of asset objects unloaded after import = 3
========================================================================
Received Prepare
Begin MonoManager ReloadAssembly
- Loaded All Assemblies, in  0.859 seconds
Refreshing native plugins compatible for Editor in 12.84 ms, found 3 plugins.
Native extension for UWP target not found
Native extension for WindowsStandalone target not found
Native extension for Android target not found
[Package Manager] Server::EnsureServerProcessIsRunning -- launch failed, reason: Unity was launched with the -noUpm command-line argument
[Package Manager] UpmClient::Send -- Unable to send message (not connected to UPM process).
[Package Manager] Cannot connect to Unity Package Manager local server
Mono: successfully reloaded assembly
- Finished resetting the current domain, in  1.486 seconds
Domain Reload Profiling: 2324ms
	BeginReloadAssembly (301ms)
		ExecutionOrderSort (0ms)
		DisableScriptedObjects (4ms)
		BackupInstance (0ms)
		ReleaseScriptingObjects (0ms)
		CreateAndSetChildDomain (24ms)
	RebuildCommonClasses (34ms)
	RebuildNativeTypeToScriptingClass (8ms)
	initialDomainReloadingComplete (73ms)
	LoadAllAssembliesAndSetupDomain (421ms)
		LoadAssemblies (628ms)
		RebuildTransferFunctionScriptingTraits (0ms)
		AnalyzeDomain (10ms)
			TypeCache.Refresh (5ms)
				TypeCache.ScanAssembly (0ms)
			ScanForSourceGeneratedMonoScriptInfo (0ms)
			ResolveRequiredComponents (4ms)
	FinalizeReload (1487ms)
		ReleaseScriptCaches (0ms)
		RebuildScriptCaches (0ms)
		SetupLoadedEditorAssemblies (435ms)
			LogAssemblyErrors (0ms)
			InitializePlatformSupportModulesInManaged (55ms)
			SetLoadedEditorAssemblies (4ms)
			RefreshPlugins (0ms)
			BeforeProcessingInitializeOnLoad (91ms)
			ProcessInitializeOnLoadAttributes (240ms)
			ProcessInitializeOnLoadMethodAttributes (18ms)
			AfterProcessingInitializeOnLoad (28ms)
			EditorAssembliesLoaded (0ms)
		ExecutionOrderSort2 (0ms)
		AwakeInstancesAfterBackupRestoration (9ms)
Refreshing native plugins compatible for Editor in 9.36 ms, found 3 plugins.
Preloading 0 native plugins for Editor in 0.00 ms.
Unloading 3086 Unused Serialized files (Serialized files now loaded: 0)
Unloading 24 unused Assets / (31.6 KB). Loaded Objects now: 3607.
Memory consumption went from 125.5 MB to 125.5 MB.
Total: 2.078400 ms (FindLiveObjects: 0.158900 ms CreateObjectMapping: 0.135800 ms MarkObjects: 1.745900 ms  DeleteObjects: 0.037000 ms)

Prepare: number of updated asset objects reloaded= 0
AssetImportParameters requested are different than current active one (requested -> active):
  custom:container-demuxer-ogg: 62fdf1f143b41e24485cea50d1cbac27 -> 
  custom:video-decoder-ogg-theora: a1e56fd34408186e4bbccfd4996cb3dc -> 
  custom:framework-win-MediaFoundation: 216162199b28c13a410421893ffa2e32 -> 
  custom:CustomObjectIndexerAttribute: 9a22284fe3817be447336de3de66b15e -> 
  custom:container-demuxer-webm: 4f35f7cbe854078d1ac9338744f61a02 -> 
  custom:container-muxer-webm: aa71ff27fc2769a1b78a27578f13a17b -> 
  custom:video-decoder-webm-vp8: 9c59270c3fd7afecdb556c50c9e8de78 -> 
  custom:SearchIndexIgnoredProperties: e643bd26f0fe6173181afceb89e7c659 -> 
  custom:AudioImporter_EditorPlatform: d09bf68614088b80899f8185d706f6e7 -> 
  custom:video-encoder-webm-vp8: eb34c28f22e8b96e1ab97ce403110664 -> 
  custom:audio-decoder-ogg-vorbis: bf7c407c2cedff20999df2af8eb42d56 -> 
  custom:audio-encoder-webm-vorbis: bf7c407c2cedff20999df2af8eb42d56 -> 
========================================================================
Received Import Request.
  Time since last request: 57.339528 seconds.
  path: Assets/Animations/RUN/타임라인 1_0005.bmp
  artifactKey: Guid(5d9293733aaa6d04ebeb4d72c989370e) Importer(815301076,1909f56bfc062723c751e8b465ee728b)
Start importing Assets/Animations/RUN/타임라인 1_0005.bmp using Guid(5d9293733aaa6d04ebeb4d72c989370e) Importer(815301076,1909f56bfc062723c751e8b465ee728b)  -> (artifact id: '414c5b81528cd1d97ee1263d69bca2d7') in 0.050648 seconds
Number of updated asset objects reloaded before import = 0
Number of asset objects unloaded after import = 2
========================================================================
Received Import Request.
  Time since last request: 0.000014 seconds.
  path: Assets/Animations/RUN/타임라인 1_0009.bmp
  artifactKey: Guid(f76a3958e843cb2408157b4b49050931) Importer(815301076,1909f56bfc062723c751e8b465ee728b)
Start importing Assets/Animations/RUN/타임라인 1_0009.bmp using Guid(f76a3958e843cb2408157b4b49050931) Importer(815301076,1909f56bfc062723c751e8b465ee728b)  -> (artifact id: '9f98e3516f2e42fdd7df740ab6a6598a') in 0.005488 seconds
Number of updated asset objects reloaded before import = 0
Number of asset objects unloaded after import = 2
========================================================================
Received Import Request.
  Time since last request: 0.000025 seconds.
  path: Assets/Animations/RUN/타임라인 1_0009.png
  artifactKey: Guid(be806b465b539644b82f804f9d696989) Importer(815301076,1909f56bfc062723c751e8b465ee728b)
Start importing Assets/Animations/RUN/타임라인 1_0009.png using Guid(be806b465b539644b82f804f9d696989) Importer(815301076,1909f56bfc062723c751e8b465ee728b)  -> (artifact id: 'f97123ab01b4e9e06d652cf718bc46bf') in 0.005988 seconds
Number of updated asset objects reloaded before import = 0
Number of asset objects unloaded after import = 2
========================================================================
Received Import Request.
  Time since last request: 12.479967 seconds.
  path: Assets/Animations/RUN/타임라인 1_0005.bmp
  artifactKey: Guid(5d9293733aaa6d04ebeb4d72c989370e) Importer(815301076,1909f56bfc062723c751e8b465ee728b)
Start importing Assets/Animations/RUN/타임라인 1_0005.bmp using Guid(5d9293733aaa6d04ebeb4d72c989370e) Importer(815301076,1909f56bfc062723c751e8b465ee728b)  -> (artifact id: 'b01e9ba428b40246adfd18b8ef2c66b5') in 0.023457 seconds
Number of updated asset objects reloaded before import = 0
Number of asset objects unloaded after import = 3
========================================================================
Received Import Request.
  Time since last request: 0.000013 seconds.
  path: Assets/Animations/RUN/타임라인 1_0007.png
  artifactKey: Guid(c464f264fd704e540be72413614d6b30) Importer(815301076,1909f56bfc062723c751e8b465ee728b)
Start importing Assets/Animations/RUN/타임라인 1_0007.png using Guid(c464f264fd704e540be72413614d6b30) Importer(815301076,1909f56bfc062723c751e8b465ee728b)  -> (artifact id: '04ebc163a69a07c0b15a1fc5753c7d12') in 0.010971 seconds
Number of updated asset objects reloaded before import = 0
Number of asset objects unloaded after import = 3
========================================================================
Received Prepare
Begin MonoManager ReloadAssembly
- Loaded All Assemblies, in  0.861 seconds
Refreshing native plugins compatible for Editor in 11.96 ms, found 3 plugins.
Native extension for UWP target not found
Native extension for WindowsStandalone target not found
Native extension for Android target not found
[Package Manager] Server::EnsureServerProcessIsRunning -- launch failed, reason: Unity was launched with the -noUpm command-line argument
[Package Manager] UpmClient::Send -- Unable to send message (not connected to UPM process).
[Package Manager] Cannot connect to Unity Package Manager local server
Mono: successfully reloaded assembly
- Finished resetting the current domain, in  1.449 seconds
Domain Reload Profiling: 2294ms
	BeginReloadAssembly (325ms)
		ExecutionOrderSort (0ms)
		DisableScriptedObjects (4ms)
		BackupInstance (0ms)
		ReleaseScriptingObjects (0ms)
		CreateAndSetChildDomain (23ms)
	RebuildCommonClasses (34ms)
	RebuildNativeTypeToScriptingClass (9ms)
	initialDomainReloadingComplete (50ms)
	LoadAllAssembliesAndSetupDomain (428ms)
		LoadAssemblies (680ms)
		RebuildTransferFunctionScriptingTraits (0ms)
		AnalyzeDomain (10ms)
			TypeCache.Refresh (5ms)
				TypeCache.ScanAssembly (0ms)
			ScanForSourceGeneratedMonoScriptInfo (0ms)
			ResolveRequiredComponents (4ms)
	FinalizeReload (1449ms)
		ReleaseScriptCaches (0ms)
		RebuildScriptCaches (0ms)
		SetupLoadedEditorAssemblies (409ms)
			LogAssemblyErrors (0ms)
			InitializePlatformSupportModulesInManaged (44ms)
			SetLoadedEditorAssemblies (4ms)
			RefreshPlugins (0ms)
			BeforeProcessingInitializeOnLoad (87ms)
			ProcessInitializeOnLoadAttributes (229ms)
			ProcessInitializeOnLoadMethodAttributes (21ms)
			AfterProcessingInitializeOnLoad (24ms)
			EditorAssembliesLoaded (0ms)
		ExecutionOrderSort2 (0ms)
		AwakeInstancesAfterBackupRestoration (10ms)
Refreshing native plugins compatible for Editor in 8.92 ms, found 3 plugins.
Preloading 0 native plugins for Editor in 0.00 ms.
Unloading 3086 Unused Serialized files (Serialized files now loaded: 0)
Unloading 24 unused Assets / (31.6 KB). Loaded Objects now: 3610.
Memory consumption went from 125.5 MB to 125.5 MB.
Total: 1.875100 ms (FindLiveObjects: 0.146900 ms CreateObjectMapping: 0.063300 ms MarkObjects: 1.628100 ms  DeleteObjects: 0.036000 ms)

Prepare: number of updated asset objects reloaded= 0
AssetImportParameters requested are different than current active one (requested -> active):
  custom:container-demuxer-ogg: 62fdf1f143b41e24485cea50d1cbac27 -> 
  custom:video-decoder-ogg-theora: a1e56fd34408186e4bbccfd4996cb3dc -> 
  custom:framework-win-MediaFoundation: 216162199b28c13a410421893ffa2e32 -> 
  custom:CustomObjectIndexerAttribute: 9a22284fe3817be447336de3de66b15e -> 
  custom:container-demuxer-webm: 4f35f7cbe854078d1ac9338744f61a02 -> 
  custom:container-muxer-webm: aa71ff27fc2769a1b78a27578f13a17b -> 
  custom:video-decoder-webm-vp8: 9c59270c3fd7afecdb556c50c9e8de78 -> 
  custom:SearchIndexIgnoredProperties: e643bd26f0fe6173181afceb89e7c659 -> 
  custom:AudioImporter_EditorPlatform: d09bf68614088b80899f8185d706f6e7 -> 
  custom:video-encoder-webm-vp8: eb34c28f22e8b96e1ab97ce403110664 -> 
  custom:audio-decoder-ogg-vorbis: bf7c407c2cedff20999df2af8eb42d56 -> 
  custom:audio-encoder-webm-vorbis: bf7c407c2cedff20999df2af8eb42d56 -> 
========================================================================
Received Import Request.
  Time since last request: 62.655564 seconds.
  path: Assets/Animations/STAY/타임라인 1_0001.png
  artifactKey: Guid(662af11b9eae62e4c99b1c8cc8be1bde) Importer(815301076,1909f56bfc062723c751e8b465ee728b)
Start importing Assets/Animations/STAY/타임라인 1_0001.png using Guid(662af11b9eae62e4c99b1c8cc8be1bde) Importer(815301076,1909f56bfc062723c751e8b465ee728b)  -> (artifact id: '9176cb1a1e86ff92cda44baae811b531') in 0.032464 seconds
Number of updated asset objects reloaded before import = 0
Number of asset objects unloaded after import = 2
========================================================================
Received Import Request.
  Time since last request: 0.000014 seconds.
  path: Assets/Animations/STAY/타임라인 1_0005.png
  artifactKey: Guid(12b8aaed8bc5a3a4fbae5293217d154c) Importer(815301076,1909f56bfc062723c751e8b465ee728b)
Start importing Assets/Animations/STAY/타임라인 1_0005.png using Guid(12b8aaed8bc5a3a4fbae5293217d154c) Importer(815301076,1909f56bfc062723c751e8b465ee728b)  -> (artifact id: '9ce65118799501574b8f414e13a685d2') in 0.005731 seconds
Number of updated asset objects reloaded before import = 0
Number of asset objects unloaded after import = 2
========================================================================
Received Import Request.
  Time since last request: 0.000013 seconds.
  path: Assets/Animations/STAY/타임라인 1_0010.png
  artifactKey: Guid(8d444d8f548c58e46a146ff915c2a2f4) Importer(815301076,1909f56bfc062723c751e8b465ee728b)
Start importing Assets/Animations/STAY/타임라인 1_0010.png using Guid(8d444d8f548c58e46a146ff915c2a2f4) Importer(815301076,1909f56bfc062723c751e8b465ee728b)  -> (artifact id: 'c3db24f442c7504e87881762f3af3263') in 0.007172 seconds
Number of updated asset objects reloaded before import = 0
Number of asset objects unloaded after import = 2
========================================================================
Received Import Request.
  Time since last request: 0.000019 seconds.
  path: Assets/Animations/STAY/타임라인 1_0011.png
  artifactKey: Guid(69de5c8c264c0ea45983fceca367d7a5) Importer(815301076,1909f56bfc062723c751e8b465ee728b)
Start importing Assets/Animations/STAY/타임라인 1_0011.png using Guid(69de5c8c264c0ea45983fceca367d7a5) Importer(815301076,1909f56bfc062723c751e8b465ee728b)  -> (artifact id: '91e7980116f4d88f3aa1386e38b42503') in 0.006886 seconds
Number of updated asset objects reloaded before import = 0
Number of asset objects unloaded after import = 2
========================================================================
Received Import Request.
  Time since last request: 10.070295 seconds.
  path: Assets/Animations/STAY/타임라인 1_0001.png
  artifactKey: Guid(662af11b9eae62e4c99b1c8cc8be1bde) Importer(815301076,1909f56bfc062723c751e8b465ee728b)
Start importing Assets/Animations/STAY/타임라인 1_0001.png using Guid(662af11b9eae62e4c99b1c8cc8be1bde) Importer(815301076,1909f56bfc062723c751e8b465ee728b)  -> (artifact id: 'dfb37a6157c33c8eb66b9510ce838e57') in 0.020733 seconds
Number of updated asset objects reloaded before import = 0
Number of asset objects unloaded after import = 3
========================================================================
Received Import Request.
  Time since last request: 0.000011 seconds.
  path: Assets/Animations/STAY/타임라인 1_0006.png
  artifactKey: Guid(34a799e9f24246247afa9d41e2eaa749) Importer(815301076,1909f56bfc062723c751e8b465ee728b)
Start importing Assets/Animations/STAY/타임라인 1_0006.png using Guid(34a799e9f24246247afa9d41e2eaa749) Importer(815301076,1909f56bfc062723c751e8b465ee728b)  -> (artifact id: '315c9f6ede74b724bfc4191417224f84') in 0.008850 seconds
Number of updated asset objects reloaded before import = 0
Number of asset objects unloaded after import = 3
========================================================================
Received Import Request.
  Time since last request: 38.874469 seconds.
  path: Assets/Animations/JUMP/타임라인 1_0002.png
  artifactKey: Guid(1645f450b28c6564a98492c2e180e92f) Importer(815301076,1909f56bfc062723c751e8b465ee728b)
Start importing Assets/Animations/JUMP/타임라인 1_0002.png using Guid(1645f450b28c6564a98492c2e180e92f) Importer(815301076,1909f56bfc062723c751e8b465ee728b)  -> (artifact id: '8bd2ea242ea089d8ac0b02015fd8f617') in 0.010437 seconds
Number of updated asset objects reloaded before import = 0
Number of asset objects unloaded after import = 3
========================================================================
Received Import Request.
  Time since last request: 0.000011 seconds.
  path: Assets/Animations/JUMP/타임라인 1_0008.png
  artifactKey: Guid(72f22bf9e600ad447bf0ccd01b0fb9ed) Importer(815301076,1909f56bfc062723c751e8b465ee728b)
Start importing Assets/Animations/JUMP/타임라인 1_0008.png using Guid(72f22bf9e600ad447bf0ccd01b0fb9ed) Importer(815301076,1909f56bfc062723c751e8b465ee728b)  -> (artifact id: '33a01ead0dd93335a262a344a55ecdf6') in 0.007988 seconds
Number of updated asset objects reloaded before import = 0
Number of asset objects unloaded after import = 3
========================================================================
Received Import Request.
  Time since last request: 8.180819 seconds.
  path: Assets/Animations/RUN/타임라인 1_0005.png
  artifactKey: Guid(66524169d4067f54a807d4dce62af7d1) Importer(815301076,1909f56bfc062723c751e8b465ee728b)
Start importing Assets/Animations/RUN/타임라인 1_0005.png using Guid(66524169d4067f54a807d4dce62af7d1) Importer(815301076,1909f56bfc062723c751e8b465ee728b)  -> (artifact id: '6d9dd01bb9bc053eb39b40d9a584dbf6') in 0.012885 seconds
Number of updated asset objects reloaded before import = 0
Number of asset objects unloaded after import = 3
========================================================================
Received Import Request.
  Time since last request: 8.616721 seconds.
  path: Assets/Animations/STAY/타임라인 1_0001.png
  artifactKey: Guid(662af11b9eae62e4c99b1c8cc8be1bde) Importer(815301076,1909f56bfc062723c751e8b465ee728b)
Start importing Assets/Animations/STAY/타임라인 1_0001.png using Guid(662af11b9eae62e4c99b1c8cc8be1bde) Importer(815301076,1909f56bfc062723c751e8b465ee728b)  -> (artifact id: '7c4607821de97c5da0a6f436bb921e3d') in 0.012110 seconds
Number of updated asset objects reloaded before import = 0
Number of asset objects unloaded after import = 3
========================================================================
Received Import Request.
  Time since last request: 0.000013 seconds.
  path: Assets/Animations/STAY/타임라인 1_0010.png
  artifactKey: Guid(8d444d8f548c58e46a146ff915c2a2f4) Importer(815301076,1909f56bfc062723c751e8b465ee728b)
Start importing Assets/Animations/STAY/타임라인 1_0010.png using Guid(8d444d8f548c58e46a146ff915c2a2f4) Importer(815301076,1909f56bfc062723c751e8b465ee728b)  -> (artifact id: 'b111bff538eae427c81f629c805f9503') in 0.008106 seconds
Number of updated asset objects reloaded before import = 0
Number of asset objects unloaded after import = 3
Editor requested this worker to shutdown with reason: Scaling down because of idle timeout
TcpMessagingSession - receive error
AssetImportWorkerClient::OnTransportError - code=2 error=End of file
AssetImportWorker is now disconnected from the server
Process exiting
Exiting without the bug reporter. Application will terminate with return code 0